Analysis & Elaboration report for controlunit
Thu Feb 03 20:46:58 2022
Quartus II 64-Bit Version 13.0.1 Build 232 06/12/2013 Service Pack 1 SJ Web Edition


---------------------
; Table of Contents ;
---------------------
  1. Legal Notice
  2. Analysis & Elaboration Summary
  3. Parallel Compilation
  4. Parameter Settings for User Entity Instance: Top-level Entity: |controlunit
  5. Analysis & Elaboration Settings
  6. Analysis & Elaboration Messages



----------------
; Legal Notice ;
----------------
Copyright (C) 1991-2013 Altera Corporation
Your use of Altera Corporation's design tools, logic functions 
and other software and tools, and its AMPP partner logic 
functions, and any output files from any of the foregoing 
(including device programming or simulation files), and any 
associated documentation or information are expressly subject 
to the terms and conditions of the Altera Program License 
Subscription Agreement, Altera MegaCore Function License 
Agreement, or other applicable license agreement, including, 
without limitation, that your use is for the sole purpose of 
programming logic devices manufactured by Altera and sold by 
Altera or its authorized distributors.  Please refer to the 
applicable agreement for further details.



+--------------------------------------------------------------------------------------+
; Analysis & Elaboration Summary                                                       ;
+------------------------------------+-------------------------------------------------+
; Analysis & Elaboration Status      ; Successful - Thu Feb 03 20:46:58 2022           ;
; Quartus II 64-Bit Version          ; 13.0.1 Build 232 06/12/2013 SP 1 SJ Web Edition ;
; Revision Name                      ; controlunit                                     ;
; Top-level Entity Name              ; controlunit                                     ;
; Family                             ; Cyclone IV GX                                   ;
; Total logic elements               ; N/A until Partition Merge                       ;
;     Total combinational functions  ; N/A until Partition Merge                       ;
;     Dedicated logic registers      ; N/A until Partition Merge                       ;
; Total registers                    ; N/A until Partition Merge                       ;
; Total pins                         ; N/A until Partition Merge                       ;
; Total virtual pins                 ; N/A until Partition Merge                       ;
; Total memory bits                  ; N/A until Partition Merge                       ;
; Embedded Multiplier 9-bit elements ; N/A until Partition Merge                       ;
; Total GXB Receiver Channel PCS     ; N/A until Partition Merge                       ;
; Total GXB Receiver Channel PMA     ; N/A until Partition Merge                       ;
; Total GXB Transmitter Channel PCS  ; N/A until Partition Merge                       ;
; Total GXB Transmitter Channel PMA  ; N/A until Partition Merge                       ;
; Total PLLs                         ; N/A until Partition Merge                       ;
+------------------------------------+-------------------------------------------------+


Parallel compilation was disabled, but you have multiple processors available. Enable parallel compilation to reduce compilation time.
+-------------------------------------+
; Parallel Compilation                ;
+----------------------------+--------+
; Processors                 ; Number ;
+----------------------------+--------+
; Number detected on machine ; 8      ;
; Maximum allowed            ; 1      ;
+----------------------------+--------+


+-----------------------------------------------------------------------------+
; Parameter Settings for User Entity Instance: Top-level Entity: |controlunit ;
+----------------+-------+----------------------------------------------------+
; Parameter Name ; Value ; Type                                               ;
+----------------+-------+----------------------------------------------------+
; data_width16   ; 15    ; Signed Integer                                     ;
+----------------+-------+----------------------------------------------------+
Note: In order to hide this table in the UI and the text report file, please set the "Show Parameter Settings in Synthesis Report" option in "Analysis and Synthesis Settings -> More Settings" to "Off".


+----------------------------------------------------------------------------------------------------------------------+
; Analysis & Elaboration Settings                                                                                      ;
+----------------------------------------------------------------------------+--------------------+--------------------+
; Option                                                                     ; Setting            ; Default Value      ;
+----------------------------------------------------------------------------+--------------------+--------------------+
; Top-level entity name                                                      ; controlunit        ; controlunit        ;
; Family name                                                                ; Cyclone IV GX      ; Cyclone IV GX      ;
; Use smart compilation                                                      ; Off                ; Off                ;
; Enable parallel Assembler and TimeQuest Timing Analyzer during compilation ; On                 ; On                 ;
; Enable compact report table                                                ; Off                ; Off                ;
; Restructure Multiplexers                                                   ; Auto               ; Auto               ;
; Create Debugging Nodes for IP Cores                                        ; Off                ; Off                ;
; Preserve fewer node names                                                  ; On                 ; On                 ;
; Disable OpenCore Plus hardware evaluation                                  ; Off                ; Off                ;
; Verilog Version                                                            ; Verilog_2001       ; Verilog_2001       ;
; VHDL Version                                                               ; VHDL_1993          ; VHDL_1993          ;
; State Machine Processing                                                   ; Auto               ; Auto               ;
; Safe State Machine                                                         ; Off                ; Off                ;
; Extract Verilog State Machines                                             ; On                 ; On                 ;
; Extract VHDL State Machines                                                ; On                 ; On                 ;
; Ignore Verilog initial constructs                                          ; Off                ; Off                ;
; Iteration limit for constant Verilog loops                                 ; 5000               ; 5000               ;
; Iteration limit for non-constant Verilog loops                             ; 250                ; 250                ;
; Add Pass-Through Logic to Inferred RAMs                                    ; On                 ; On                 ;
; Infer RAMs from Raw Logic                                                  ; On                 ; On                 ;
; Parallel Synthesis                                                         ; On                 ; On                 ;
; DSP Block Balancing                                                        ; Auto               ; Auto               ;
; NOT Gate Push-Back                                                         ; On                 ; On                 ;
; Power-Up Don't Care                                                        ; On                 ; On                 ;
; Remove Redundant Logic Cells                                               ; Off                ; Off                ;
; Remove Duplicate Registers                                                 ; On                 ; On                 ;
; Ignore CARRY Buffers                                                       ; Off                ; Off                ;
; Ignore CASCADE Buffers                                                     ; Off                ; Off                ;
; Ignore GLOBAL Buffers                                                      ; Off                ; Off                ;
; Ignore ROW GLOBAL Buffers                                                  ; Off                ; Off                ;
; Ignore LCELL Buffers                                                       ; Off                ; Off                ;
; Ignore SOFT Buffers                                                        ; On                 ; On                 ;
; Limit AHDL Integers to 32 Bits                                             ; Off                ; Off                ;
; Optimization Technique                                                     ; Balanced           ; Balanced           ;
; Carry Chain Length                                                         ; 70                 ; 70                 ;
; Auto Carry Chains                                                          ; On                 ; On                 ;
; Auto Open-Drain Pins                                                       ; On                 ; On                 ;
; Perform WYSIWYG Primitive Resynthesis                                      ; Off                ; Off                ;
; Auto ROM Replacement                                                       ; On                 ; On                 ;
; Auto RAM Replacement                                                       ; On                 ; On                 ;
; Auto DSP Block Replacement                                                 ; On                 ; On                 ;
; Auto Shift Register Replacement                                            ; Auto               ; Auto               ;
; Allow Shift Register Merging across Hierarchies                            ; Auto               ; Auto               ;
; Auto Clock Enable Replacement                                              ; On                 ; On                 ;
; Strict RAM Replacement                                                     ; Off                ; Off                ;
; Allow Synchronous Control Signals                                          ; On                 ; On                 ;
; Force Use of Synchronous Clear Signals                                     ; Off                ; Off                ;
; Auto RAM Block Balancing                                                   ; On                 ; On                 ;
; Auto RAM to Logic Cell Conversion                                          ; Off                ; Off                ;
; Auto Resource Sharing                                                      ; Off                ; Off                ;
; Allow Any RAM Size For Recognition                                         ; Off                ; Off                ;
; Allow Any ROM Size For Recognition                                         ; Off                ; Off                ;
; Allow Any Shift Register Size For Recognition                              ; Off                ; Off                ;
; Use LogicLock Constraints during Resource Balancing                        ; On                 ; On                 ;
; Ignore translate_off and synthesis_off directives                          ; Off                ; Off                ;
; Timing-Driven Synthesis                                                    ; On                 ; On                 ;
; Report Parameter Settings                                                  ; On                 ; On                 ;
; Report Source Assignments                                                  ; On                 ; On                 ;
; Report Connectivity Checks                                                 ; On                 ; On                 ;
; Ignore Maximum Fan-Out Assignments                                         ; Off                ; Off                ;
; Synchronization Register Chain Length                                      ; 2                  ; 2                  ;
; PowerPlay Power Optimization                                               ; Normal compilation ; Normal compilation ;
; HDL message level                                                          ; Level2             ; Level2             ;
; Suppress Register Optimization Related Messages                            ; Off                ; Off                ;
; Number of Removed Registers Reported in Synthesis Report                   ; 5000               ; 5000               ;
; Number of Swept Nodes Reported in Synthesis Report                         ; 5000               ; 5000               ;
; Number of Inverted Registers Reported in Synthesis Report                  ; 100                ; 100                ;
; Clock MUX Protection                                                       ; On                 ; On                 ;
; Auto Gated Clock Conversion                                                ; Off                ; Off                ;
; Block Design Naming                                                        ; Auto               ; Auto               ;
; SDC constraint protection                                                  ; Off                ; Off                ;
; Synthesis Effort                                                           ; Auto               ; Auto               ;
; Shift Register Replacement - Allow Asynchronous Clear Signal               ; On                 ; On                 ;
; Pre-Mapping Resynthesis Optimization                                       ; Off                ; Off                ;
; Analysis & Synthesis Message Level                                         ; Medium             ; Medium             ;
; Disable Register Merging Across Hierarchies                                ; Auto               ; Auto               ;
; Resource Aware Inference For Block RAM                                     ; On                 ; On                 ;
; Synthesis Seed                                                             ; 1                  ; 1                  ;
+----------------------------------------------------------------------------+--------------------+--------------------+


+---------------------------------+
; Analysis & Elaboration Messages ;
+---------------------------------+
Info: *******************************************************************
Info: Running Quartus II 64-Bit Analysis & Elaboration
    Info: Version 13.0.1 Build 232 06/12/2013 Service Pack 1 SJ Web Edition
    Info: Processing started: Thu Feb 03 20:46:57 2022
Info: Command: quartus_map --read_settings_files=on --write_settings_files=off controlunit -c controlunit --analysis_and_elaboration
Warning (20028): Parallel compilation is not licensed and has been disabled
Warning (12125): Using design file controlunit.vhd, which is not specified as a design file for the current project, but contains definitions for 2 design units and 1 entities in project
    Info (12022): Found design unit 1: controlunit-behaviour
    Info (12023): Found entity 1: controlunit
Info (12127): Elaborating entity "controlunit" for the top level hierarchy
Warning (10036): Verilog HDL or VHDL warning at controlunit.vhd(57): object "eq" assigned a value but never read
Warning (10036): Verilog HDL or VHDL warning at controlunit.vhd(74): object "cont" assigned a value but never read
Warning (10492): VHDL Process Statement warning at controlunit.vhd(315): signal "DT_INTER" is read inside the Process Statement but isn't in the Process Statement's sensitivity list
Warning (10492): VHDL Process Statement warning at controlunit.vhd(451): signal "gt" is read inside the Process Statement but isn't in the Process Statement's sensitivity list
Warning (10492): VHDL Process Statement warning at controlunit.vhd(451): signal "lt" is read inside the Process Statement but isn't in the Process Statement's sensitivity list
Warning (10492): VHDL Process Statement warning at controlunit.vhd(453): signal "lt" is read inside the Process Statement but isn't in the Process Statement's sensitivity list
Warning (10492): VHDL Process Statement warning at controlunit.vhd(453): signal "gt" is read inside the Process Statement but isn't in the Process Statement's sensitivity list
Warning (10492): VHDL Process Statement warning at controlunit.vhd(455): signal "lt" is read inside the Process Statement but isn't in the Process Statement's sensitivity list
Warning (10492): VHDL Process Statement warning at controlunit.vhd(455): signal "gt" is read inside the Process Statement but isn't in the Process Statement's sensitivity list
Warning (10492): VHDL Process Statement warning at controlunit.vhd(457): signal "lt" is read inside the Process Statement but isn't in the Process Statement's sensitivity list
Warning (10492): VHDL Process Statement warning at controlunit.vhd(457): signal "gt" is read inside the Process Statement but isn't in the Process Statement's sensitivity list
Warning (10492): VHDL Process Statement warning at controlunit.vhd(459): signal "lt" is read inside the Process Statement but isn't in the Process Statement's sensitivity list
Warning (10492): VHDL Process Statement warning at controlunit.vhd(459): signal "gt" is read inside the Process Statement but isn't in the Process Statement's sensitivity list
Warning (10492): VHDL Process Statement warning at controlunit.vhd(461): signal "lt" is read inside the Process Statement but isn't in the Process Statement's sensitivity list
Warning (10492): VHDL Process Statement warning at controlunit.vhd(461): signal "gt" is read inside the Process Statement but isn't in the Process Statement's sensitivity list
Warning (10631): VHDL Process Statement warning at controlunit.vhd(72): inferring latch(es) for signal or variable "ESTADO", which holds its previous value in one or more paths through the process
Warning (10631): VHDL Process Statement warning at controlunit.vhd(72): inferring latch(es) for signal or variable "LD_TEMPERATURA", which holds its previous value in one or more paths through the process
Warning (10631): VHDL Process Statement warning at controlunit.vhd(72): inferring latch(es) for signal or variable "LD_UMIDADE", which holds its previous value in one or more paths through the process
Warning (10631): VHDL Process Statement warning at controlunit.vhd(72): inferring latch(es) for signal or variable "LD_TEMPO", which holds its previous value in one or more paths through the process
Warning (10631): VHDL Process Statement warning at controlunit.vhd(72): inferring latch(es) for signal or variable "LD_INTERVALO", which holds its previous value in one or more paths through the process
Warning (10631): VHDL Process Statement warning at controlunit.vhd(72): inferring latch(es) for signal or variable "CL_TEMPERATURA", which holds its previous value in one or more paths through the process
Warning (10631): VHDL Process Statement warning at controlunit.vhd(72): inferring latch(es) for signal or variable "CL_UMIDADE", which holds its previous value in one or more paths through the process
Warning (10631): VHDL Process Statement warning at controlunit.vhd(72): inferring latch(es) for signal or variable "CL_TEMPO", which holds its previous value in one or more paths through the process
Warning (10631): VHDL Process Statement warning at controlunit.vhd(72): inferring latch(es) for signal or variable "CL_INTERVALO", which holds its previous value in one or more paths through the process
Warning (10631): VHDL Process Statement warning at controlunit.vhd(72): inferring latch(es) for signal or variable "SW1", which holds its previous value in one or more paths through the process
Warning (10631): VHDL Process Statement warning at controlunit.vhd(72): inferring latch(es) for signal or variable "SW2", which holds its previous value in one or more paths through the process
Warning (10631): VHDL Process Statement warning at controlunit.vhd(72): inferring latch(es) for signal or variable "EN_CONTADOR", which holds its previous value in one or more paths through the process
Warning (10631): VHDL Process Statement warning at controlunit.vhd(72): inferring latch(es) for signal or variable "EN_ROM", which holds its previous value in one or more paths through the process
Warning (10631): VHDL Process Statement warning at controlunit.vhd(72): inferring latch(es) for signal or variable "RST_CONTADOR", which holds its previous value in one or more paths through the process
Warning (10631): VHDL Process Statement warning at controlunit.vhd(72): inferring latch(es) for signal or variable "ALARME", which holds its previous value in one or more paths through the process
Warning (10631): VHDL Process Statement warning at controlunit.vhd(72): inferring latch(es) for signal or variable "IRRIGA", which holds its previous value in one or more paths through the process
Warning (10631): VHDL Process Statement warning at controlunit.vhd(72): inferring latch(es) for signal or variable "ERROR", which holds its previous value in one or more paths through the process
Warning (10631): VHDL Process Statement warning at controlunit.vhd(72): inferring latch(es) for signal or variable "ADD", which holds its previous value in one or more paths through the process
Warning (10631): VHDL Process Statement warning at controlunit.vhd(72): inferring latch(es) for signal or variable "DISP_TEMPO", which holds its previous value in one or more paths through the process
Warning (10631): VHDL Process Statement warning at controlunit.vhd(72): inferring latch(es) for signal or variable "DISP_UMID", which holds its previous value in one or more paths through the process
Warning (10631): VHDL Process Statement warning at controlunit.vhd(72): inferring latch(es) for signal or variable "DISP_TEMP", which holds its previous value in one or more paths through the process
Warning (10631): VHDL Process Statement warning at controlunit.vhd(72): inferring latch(es) for signal or variable "DISP_INTER", which holds its previous value in one or more paths through the process
Warning (10631): VHDL Process Statement warning at controlunit.vhd(72): inferring latch(es) for signal or variable "gt", which holds its previous value in one or more paths through the process
Warning (10631): VHDL Process Statement warning at controlunit.vhd(72): inferring latch(es) for signal or variable "lt", which holds its previous value in one or more paths through the process
Info (10041): Inferred latch for "lt[0]" at controlunit.vhd(72)
Info (10041): Inferred latch for "lt[1]" at controlunit.vhd(72)
Info (10041): Inferred latch for "lt[2]" at controlunit.vhd(72)
Info (10041): Inferred latch for "lt[3]" at controlunit.vhd(72)
Info (10041): Inferred latch for "lt[4]" at controlunit.vhd(72)
Info (10041): Inferred latch for "lt[5]" at controlunit.vhd(72)
Info (10041): Inferred latch for "gt[0]" at controlunit.vhd(72)
Info (10041): Inferred latch for "gt[2]" at controlunit.vhd(72)
Info (10041): Inferred latch for "gt[3]" at controlunit.vhd(72)
Info (10041): Inferred latch for "gt[5]" at controlunit.vhd(72)
Info (10041): Inferred latch for "gt[6]" at controlunit.vhd(72)
Info (10041): Inferred latch for "DISP_INTER[0]" at controlunit.vhd(72)
Info (10041): Inferred latch for "DISP_INTER[1]" at controlunit.vhd(72)
Info (10041): Inferred latch for "DISP_INTER[2]" at controlunit.vhd(72)
Info (10041): Inferred latch for "DISP_INTER[3]" at controlunit.vhd(72)
Info (10041): Inferred latch for "DISP_INTER[4]" at controlunit.vhd(72)
Info (10041): Inferred latch for "DISP_INTER[5]" at controlunit.vhd(72)
Info (10041): Inferred latch for "DISP_INTER[6]" at controlunit.vhd(72)
Info (10041): Inferred latch for "DISP_INTER[7]" at controlunit.vhd(72)
Info (10041): Inferred latch for "DISP_INTER[8]" at controlunit.vhd(72)
Info (10041): Inferred latch for "DISP_INTER[9]" at controlunit.vhd(72)
Info (10041): Inferred latch for "DISP_INTER[10]" at controlunit.vhd(72)
Info (10041): Inferred latch for "DISP_INTER[11]" at controlunit.vhd(72)
Info (10041): Inferred latch for "DISP_INTER[12]" at controlunit.vhd(72)
Info (10041): Inferred latch for "DISP_INTER[13]" at controlunit.vhd(72)
Info (10041): Inferred latch for "DISP_INTER[14]" at controlunit.vhd(72)
Info (10041): Inferred latch for "DISP_INTER[15]" at controlunit.vhd(72)
Info (10041): Inferred latch for "DISP_TEMP[0]" at controlunit.vhd(72)
Info (10041): Inferred latch for "DISP_TEMP[1]" at controlunit.vhd(72)
Info (10041): Inferred latch for "DISP_TEMP[2]" at controlunit.vhd(72)
Info (10041): Inferred latch for "DISP_TEMP[3]" at controlunit.vhd(72)
Info (10041): Inferred latch for "DISP_TEMP[4]" at controlunit.vhd(72)
Info (10041): Inferred latch for "DISP_TEMP[5]" at controlunit.vhd(72)
Info (10041): Inferred latch for "DISP_TEMP[6]" at controlunit.vhd(72)
Info (10041): Inferred latch for "DISP_TEMP[7]" at controlunit.vhd(72)
Info (10041): Inferred latch for "DISP_TEMP[8]" at controlunit.vhd(72)
Info (10041): Inferred latch for "DISP_TEMP[9]" at controlunit.vhd(72)
Info (10041): Inferred latch for "DISP_TEMP[10]" at controlunit.vhd(72)
Info (10041): Inferred latch for "DISP_TEMP[11]" at controlunit.vhd(72)
Info (10041): Inferred latch for "DISP_TEMP[12]" at controlunit.vhd(72)
Info (10041): Inferred latch for "DISP_TEMP[13]" at controlunit.vhd(72)
Info (10041): Inferred latch for "DISP_TEMP[14]" at controlunit.vhd(72)
Info (10041): Inferred latch for "DISP_TEMP[15]" at controlunit.vhd(72)
Info (10041): Inferred latch for "DISP_UMID[0]" at controlunit.vhd(72)
Info (10041): Inferred latch for "DISP_UMID[1]" at controlunit.vhd(72)
Info (10041): Inferred latch for "DISP_UMID[2]" at controlunit.vhd(72)
Info (10041): Inferred latch for "DISP_UMID[3]" at controlunit.vhd(72)
Info (10041): Inferred latch for "DISP_UMID[4]" at controlunit.vhd(72)
Info (10041): Inferred latch for "DISP_UMID[5]" at controlunit.vhd(72)
Info (10041): Inferred latch for "DISP_UMID[6]" at controlunit.vhd(72)
Info (10041): Inferred latch for "DISP_UMID[7]" at controlunit.vhd(72)
Info (10041): Inferred latch for "DISP_UMID[8]" at controlunit.vhd(72)
Info (10041): Inferred latch for "DISP_UMID[9]" at controlunit.vhd(72)
Info (10041): Inferred latch for "DISP_UMID[10]" at controlunit.vhd(72)
Info (10041): Inferred latch for "DISP_UMID[11]" at controlunit.vhd(72)
Info (10041): Inferred latch for "DISP_UMID[12]" at controlunit.vhd(72)
Info (10041): Inferred latch for "DISP_UMID[13]" at controlunit.vhd(72)
Info (10041): Inferred latch for "DISP_UMID[14]" at controlunit.vhd(72)
Info (10041): Inferred latch for "DISP_UMID[15]" at controlunit.vhd(72)
Info (10041): Inferred latch for "DISP_TEMPO[0]" at controlunit.vhd(72)
Info (10041): Inferred latch for "DISP_TEMPO[1]" at controlunit.vhd(72)
Info (10041): Inferred latch for "DISP_TEMPO[2]" at controlunit.vhd(72)
Info (10041): Inferred latch for "DISP_TEMPO[3]" at controlunit.vhd(72)
Info (10041): Inferred latch for "DISP_TEMPO[4]" at controlunit.vhd(72)
Info (10041): Inferred latch for "DISP_TEMPO[5]" at controlunit.vhd(72)
Info (10041): Inferred latch for "DISP_TEMPO[6]" at controlunit.vhd(72)
Info (10041): Inferred latch for "DISP_TEMPO[7]" at controlunit.vhd(72)
Info (10041): Inferred latch for "DISP_TEMPO[8]" at controlunit.vhd(72)
Info (10041): Inferred latch for "DISP_TEMPO[9]" at controlunit.vhd(72)
Info (10041): Inferred latch for "DISP_TEMPO[10]" at controlunit.vhd(72)
Info (10041): Inferred latch for "DISP_TEMPO[11]" at controlunit.vhd(72)
Info (10041): Inferred latch for "DISP_TEMPO[12]" at controlunit.vhd(72)
Info (10041): Inferred latch for "DISP_TEMPO[13]" at controlunit.vhd(72)
Info (10041): Inferred latch for "DISP_TEMPO[14]" at controlunit.vhd(72)
Info (10041): Inferred latch for "DISP_TEMPO[15]" at controlunit.vhd(72)
Info (10041): Inferred latch for "ADD[0]" at controlunit.vhd(72)
Info (10041): Inferred latch for "ADD[1]" at controlunit.vhd(72)
Info (10041): Inferred latch for "ADD[2]" at controlunit.vhd(72)
Info (10041): Inferred latch for "ADD[3]" at controlunit.vhd(72)
Info (10041): Inferred latch for "ERROR" at controlunit.vhd(72)
Info (10041): Inferred latch for "IRRIGA" at controlunit.vhd(72)
Info (10041): Inferred latch for "ALARME" at controlunit.vhd(72)
Info (10041): Inferred latch for "RST_CONTADOR" at controlunit.vhd(72)
Info (10041): Inferred latch for "EN_ROM" at controlunit.vhd(72)
Info (10041): Inferred latch for "EN_CONTADOR" at controlunit.vhd(72)
Info (10041): Inferred latch for "SW2" at controlunit.vhd(72)
Info (10041): Inferred latch for "SW1" at controlunit.vhd(72)
Info (10041): Inferred latch for "CL_INTERVALO" at controlunit.vhd(72)
Info (10041): Inferred latch for "CL_TEMPO" at controlunit.vhd(72)
Info (10041): Inferred latch for "CL_UMIDADE" at controlunit.vhd(72)
Info (10041): Inferred latch for "CL_TEMPERATURA" at controlunit.vhd(72)
Info (10041): Inferred latch for "LD_INTERVALO" at controlunit.vhd(72)
Info (10041): Inferred latch for "LD_TEMPO" at controlunit.vhd(72)
Info (10041): Inferred latch for "LD_UMIDADE" at controlunit.vhd(72)
Info (10041): Inferred latch for "LD_TEMPERATURA" at controlunit.vhd(72)
Info (10041): Inferred latch for "ESTADO[0]" at controlunit.vhd(72)
Info (10041): Inferred latch for "ESTADO[1]" at controlunit.vhd(72)
Info (10041): Inferred latch for "ESTADO[2]" at controlunit.vhd(72)
Info (10041): Inferred latch for "ESTADO[3]" at controlunit.vhd(72)
Info (10041): Inferred latch for "ESTADO[4]" at controlunit.vhd(72)
Info: Quartus II 64-Bit Analysis & Elaboration was successful. 0 errors, 41 warnings
    Info: Peak virtual memory: 4672 megabytes
    Info: Processing ended: Thu Feb 03 20:46:58 2022
    Info: Elapsed time: 00:00:01
    Info: Total CPU time (on all processors): 00:00:01


